
[2026-06-21 00:59:33] LOGIN_FAIL      | 用户: ? | IP: ::1 | 密码错误
[2026-06-21 00:59:37] LOGIN_FAIL      | 用户: ? | IP: ::1 | 密码错误
[2026-06-21 01:00:02] LOGIN_FAIL      | 用户: ? | IP: ::1 | 密码错误
[2026-06-21 01:00:02] LOGIN_FAIL      | 用户: ? | IP: ::1 | 密码错误
[2026-06-21 01:00:03] LOGIN_FAIL      | 用户: ? | IP: ::1 | 密码错误
[2026-06-21 01:00:03] LOGIN_FAIL      | 用户: ? | IP: ::1 | 密码错误
[2026-06-21 01:00:03] LOGIN_FAIL      | 用户: ? | IP: ::1 | 密码错误
[2026-06-21 01:00:03] LOGIN_FAIL      | 用户: ? | IP: ::1 | 密码错误
[2026-06-21 01:00:04] LOGIN_FAIL      | 用户: ? | IP: ::1 | 密码错误
[2026-06-21 01:00:04] LOGIN_FAIL      | 用户: ? | IP: ::1 | 密码错误
[2026-06-21 01:00:04] LOGIN_FAIL      | 用户: ? | IP: ::1 | 密码错误
[2026-06-21 01:00:04] LOGIN_FAIL      | 用户: ? | IP: ::1 | 密码错误
[2026-06-21 01:00:30] LOGIN           | 用户: test | IP: ::1
[2026-06-21 01:00:32] LOGIN           | 用户: shark | IP: ::1
[2026-06-21 01:02:08] LOGIN           | 用户: test | IP: ::1
[2026-06-21 01:02:10] LOGOUT          | 用户: test | IP: ::1
[2026-06-21 01:02:13] LOGIN           | 用户: shark | IP: ::1
[2026-06-21 01:02:24] MEMBER_DEL      | 用户: shark | IP: ::1 | 删除成员「测试」(test-log)
[2026-06-21 01:02:49] LOGOUT          | 用户: shark | IP: ::1
[2026-06-21 01:19:43] LOGIN           | 用户: test | IP: ::1
[2026-06-21 01:19:45] LOGIN           | 用户: test | IP: ::1
[2026-06-21 01:23:13] LOGIN           | 用户: test | IP: ::1
[2026-06-21 01:23:14] LOGIN           | 用户: test | IP: ::1
[2026-06-21 01:47:34] LOGIN           | 用户: shark | IP: ::1
[2026-06-21 01:47:43] STORY_EDIT      | 用户: shark | IP: ::1 | 编辑故事 075e7792c8b267b4bb0fde18b4d82b4f
[2026-06-21 01:47:46] LOGOUT          | 用户: shark | IP: ::1
[2026-06-21 01:47:52] LOGIN           | 用户: shark | IP: ::1
[2026-06-21 01:47:58] STORY_EDIT      | 用户: shark | IP: ::1 | 编辑故事 075e7792c8b267b4bb0fde18b4d82b4f
[2026-06-21 01:48:00] LOGOUT          | 用户: shark | IP: ::1
[2026-06-21 21:18:21] LOGIN           | 用户: test | IP: ::1
[2026-06-21 21:18:39] LOGIN           | 用户: test | IP: ::1
[2026-06-21 21:21:49] LOGIN           | 用户: shark | IP: ::1
[2026-06-21 21:24:02] LOGIN           | 用户: test | IP: ::1
[2026-06-21 21:24:17] LOGIN           | 用户: test | IP: ::1
[2026-06-21 21:26:29] LOGIN           | 用户: test | IP: ::1
[2026-06-21 21:26:38] LOGIN           | 用户: test | IP: ::1
[2026-06-21 21:27:28] LOGOUT          | 用户: shark | IP: ::1
[2026-06-21 21:27:30] LOGIN           | 用户: test | IP: ::1
[2026-06-21 21:27:40] LOGOUT          | 用户: test | IP: ::1
[2026-06-21 21:28:46] LOGIN           | 用户: test | IP: ::ffff:192.168.0.2
[2026-06-21 21:28:59] LOGOUT          | 用户: test | IP: ::ffff:192.168.0.2
